<?xml version="1.0" encoding="UTF-8"?>
<!-- Generated by org.testng.reporters.JUnitXMLReporter -->
<testsuite hostname="LIN49002343" ignored="0" name="testSnapdeal" tests="1" failures="1" timestamp="08 Jan 2021 09:56:16 GMT" time="175.155" errors="0">
  <testcase name="run_cukes" time="174.992" classname="cucumber.api.testng.AbstractTestNGCucumberTests">
    <failure type="cucumber.runtime.CucumberException" message="cucumber.api.PendingException: TODO: implement me">
      <![CDATA[cucumber.runtime.CucumberException: cucumber.api.PendingException: TODO: implement me
at cucumber.api.testng.AbstractTestNGCucumberTests.run_cukes(AbstractTestNGCucumberTests.java:41)
at cucumber.api.testng.AbstractTestNGCucumberTests.run(AbstractTestNGCucumberTests.java:47)
Caused by: cucumber.api.PendingException: TODO: implement me
at stepDefinition.LoginwithemailSD.testbook_home_page_display(LoginwithemailSD.java:40)
at âœ½.Then Testbook home page display(C:/demo/eclipse/testbook_sprint2/src/test/resources/featurefiles/loginwithemail.feature:26)
... Removed 27 stack frames]]>
    </failure>
  </testcase> <!-- run_cukes -->
</testsuite> <!-- testSnapdeal -->
